<?xml version="1.0" encoding="UTF-8"?>
<!-- Generated by org.testng.reporters.JUnitReportReporter -->
<testsuite skipped="0" hostname="PG014UCR" name="getRequestValidationLatest.TC_03_TestWeatherAPIWithDataProvider_Cities" tests="3" failures="0" timestamp="12 Aug 2018 09:25:18 GMT" time="3.222" errors="0">
  <testcase name="TestWeatherAPIWithDataProvider" time="1.862" classname="getRequestValidationLatest.TC_03_TestWeatherAPIWithDataProvider_Cities"/>
  <testcase name="TestWeatherAPIWithDataProvider" time="0.812" classname="getRequestValidationLatest.TC_03_TestWeatherAPIWithDataProvider_Cities"/>
  <testcase name="TestWeatherAPIWithDataProvider" time="0.548" classname="getRequestValidationLatest.TC_03_TestWeatherAPIWithDataProvider_Cities"/>
</testsuite> <!-- getRequestValidationLatest.TC_03_TestWeatherAPIWithDataProvider_Cities -->
