<?xml version="1.0" encoding="UTF-8"?>
<!-- Generated by org.testng.reporters.JUnitReportReporter -->
<testsuite skipped="0" hostname="PG014UCR" name="getRequestValidationLatest.TC_04_TestWeatherAPIWithDataProvider_Cities_With_Extent_Manager" tests="3" failures="0" timestamp="13 Aug 2018 14:54:59 GMT" time="4.041" errors="0">
  <testcase name="TestWeatherAPIWithDataProvider" time="0.918" classname="getRequestValidationLatest.TC_04_TestWeatherAPIWithDataProvider_Cities_With_Extent_Manager"/>
  <testcase name="TestWeatherAPIWithDataProvider" time="0.759" classname="getRequestValidationLatest.TC_04_TestWeatherAPIWithDataProvider_Cities_With_Extent_Manager"/>
  <testcase name="TestWeatherAPIWithDataProvider" time="2.364" classname="getRequestValidationLatest.TC_04_TestWeatherAPIWithDataProvider_Cities_With_Extent_Manager"/>
</testsuite> <!-- getRequestValidationLatest.TC_04_TestWeatherAPIWithDataProvider_Cities_With_Extent_Manager -->
