<?xml version="1.0" encoding="UTF-8"?>
<!-- Generated by org.testng.reporters.JUnitReportReporter -->
<testsuite skipped="0" hostname="PG014UCR" name="getRequestValidationLatest.TC_03_TestWeatherAPIWithDataProvider_Cities" tests="3" failures="0" timestamp="12 Aug 2018 12:39:16 GMT" time="3.866" errors="0">
  <testcase name="TestWeatherAPIWithDataProvider" time="0.814" classname="getRequestValidationLatest.TC_03_TestWeatherAPIWithDataProvider_Cities"/>
  <testcase name="TestWeatherAPIWithDataProvider" time="2.021" classname="getRequestValidationLatest.TC_03_TestWeatherAPIWithDataProvider_Cities"/>
  <testcase name="TestWeatherAPIWithDataProvider" time="1.031" classname="getRequestValidationLatest.TC_03_TestWeatherAPIWithDataProvider_Cities"/>
</testsuite> <!-- getRequestValidationLatest.TC_03_TestWeatherAPIWithDataProvider_Cities -->
